Analysis & Synthesis report for controle_refrigerante
Thu Nov 30 14:22:07 2023
Quartus II 64-Bit Version 13.0.0 Build 156 04/24/2013 SJ Web Edition


---------------------
; Table of Contents ;
---------------------
  1. Legal Notice
  2. Analysis & Synthesis Summary
  3. Analysis & Synthesis Settings
  4. Parallel Compilation
  5. Analysis & Synthesis Source Files Read
  6. Analysis & Synthesis Resource Usage Summary
  7. Analysis & Synthesis Resource Utilization by Entity
  8. State Machine - |controle_refrigerante|estadoAtual
  9. General Register Statistics
 10. Multiplexer Restructuring Statistics (Restructuring Performed)
 11. Elapsed Time Per Partition
 12. Analysis & Synthesis Messages



----------------
; Legal Notice ;
----------------
Copyright (C) 1991-2013 Altera Corporation
Your use of Altera Corporation's design tools, logic functions 
and other software and tools, and its AMPP partner logic 
functions, and any output files from any of the foregoing 
(including device programming or simulation files), and any 
associated documentation or information are expressly subject 
to the terms and conditions of the Altera Program License 
Subscription Agreement, Altera MegaCore Function License 
Agreement, or other applicable license agreement, including, 
without limitation, that your use is for the sole purpose of 
programming logic devices manufactured by Altera and sold by 
Altera or its authorized distributors.  Please refer to the 
applicable agreement for further details.



+---------------------------------------------------------------------------------+
; Analysis & Synthesis Summary                                                    ;
+------------------------------------+--------------------------------------------+
; Analysis & Synthesis Status        ; Successful - Thu Nov 30 14:22:07 2023      ;
; Quartus II 64-Bit Version          ; 13.0.0 Build 156 04/24/2013 SJ Web Edition ;
; Revision Name                      ; controle_refrigerante                      ;
; Top-level Entity Name              ; controle_refrigerante                      ;
; Family                             ; Cyclone II                                 ;
; Total logic elements               ; 35                                         ;
;     Total combinational functions  ; 35                                         ;
;     Dedicated logic registers      ; 7                                          ;
; Total registers                    ; 7                                          ;
; Total pins                         ; 42                                         ;
; Total virtual pins                 ; 0                                          ;
; Total memory bits                  ; 0                                          ;
; Embedded Multiplier 9-bit elements ; 0                                          ;
; Total PLLs                         ; 0                                          ;
+------------------------------------+--------------------------------------------+


+----------------------------------------------------------------------------------------------------------------------------+
; Analysis & Synthesis Settings                                                                                              ;
+----------------------------------------------------------------------------+-----------------------+-----------------------+
; Option                                                                     ; Setting               ; Default Value         ;
+----------------------------------------------------------------------------+-----------------------+-----------------------+
; Device                                                                     ; EP2C20F484C7          ;                       ;
; Top-level entity name                                                      ; controle_refrigerante ; controle_refrigerante ;
; Family name                                                                ; Cyclone II            ; Cyclone IV GX         ;
; Use smart compilation                                                      ; Off                   ; Off                   ;
; Enable parallel Assembler and TimeQuest Timing Analyzer during compilation ; On                    ; On                    ;
; Enable compact report table                                                ; Off                   ; Off                   ;
; Restructure Multiplexers                                                   ; Auto                  ; Auto                  ;
; Create Debugging Nodes for IP Cores                                        ; Off                   ; Off                   ;
; Preserve fewer node names                                                  ; On                    ; On                    ;
; Disable OpenCore Plus hardware evaluation                                  ; Off                   ; Off                   ;
; Verilog Version                                                            ; Verilog_2001          ; Verilog_2001          ;
; VHDL Version                                                               ; VHDL_1993             ; VHDL_1993             ;
; State Machine Processing                                                   ; Auto                  ; Auto                  ;
; Safe State Machine                                                         ; Off                   ; Off                   ;
; Extract Verilog State Machines                                             ; On                    ; On                    ;
; Extract VHDL State Machines                                                ; On                    ; On                    ;
; Ignore Verilog initial constructs                                          ; Off                   ; Off                   ;
; Iteration limit for constant Verilog loops                                 ; 5000                  ; 5000                  ;
; Iteration limit for non-constant Verilog loops                             ; 250                   ; 250                   ;
; Add Pass-Through Logic to Inferred RAMs                                    ; On                    ; On                    ;
; Infer RAMs from Raw Logic                                                  ; On                    ; On                    ;
; Parallel Synthesis                                                         ; On                    ; On                    ;
; DSP Block Balancing                                                        ; Auto                  ; Auto                  ;
; NOT Gate Push-Back                                                         ; On                    ; On                    ;
; Power-Up Don't Care                                                        ; On                    ; On                    ;
; Remove Redundant Logic Cells                                               ; Off                   ; Off                   ;
; Remove Duplicate Registers                                                 ; On                    ; On                    ;
; Ignore CARRY Buffers                                                       ; Off                   ; Off                   ;
; Ignore CASCADE Buffers                                                     ; Off                   ; Off                   ;
; Ignore GLOBAL Buffers                                                      ; Off                   ; Off                   ;
; Ignore ROW GLOBAL Buffers                                                  ; Off                   ; Off                   ;
; Ignore LCELL Buffers                                                       ; Off                   ; Off                   ;
; Ignore SOFT Buffers                                                        ; On                    ; On                    ;
; Limit AHDL Integers to 32 Bits                                             ; Off                   ; Off                   ;
; Optimization Technique                                                     ; Balanced              ; Balanced              ;
; Carry Chain Length                                                         ; 70                    ; 70                    ;
; Auto Carry Chains                                                          ; On                    ; On                    ;
; Auto Open-Drain Pins                                                       ; On                    ; On                    ;
; Perform WYSIWYG Primitive Resynthesis                                      ; Off                   ; Off                   ;
; Auto ROM Replacement                                                       ; On                    ; On                    ;
; Auto RAM Replacement                                                       ; On                    ; On                    ;
; Auto Shift Register Replacement                                            ; Auto                  ; Auto                  ;
; Allow Shift Register Merging across Hierarchies                            ; Auto                  ; Auto                  ;
; Auto Clock Enable Replacement                                              ; On                    ; On                    ;
; Strict RAM Replacement                                                     ; Off                   ; Off                   ;
; Allow Synchronous Control Signals                                          ; On                    ; On                    ;
; Force Use of Synchronous Clear Signals                                     ; Off                   ; Off                   ;
; Auto RAM to Logic Cell Conversion                                          ; Off                   ; Off                   ;
; Auto Resource Sharing                                                      ; Off                   ; Off                   ;
; Allow Any RAM Size For Recognition                                         ; Off                   ; Off                   ;
; Allow Any ROM Size For Recognition                                         ; Off                   ; Off                   ;
; Allow Any Shift Register Size For Recognition                              ; Off                   ; Off                   ;
; Use LogicLock Constraints during Resource Balancing                        ; On                    ; On                    ;
; Ignore translate_off and synthesis_off directives                          ; Off                   ; Off                   ;
; Timing-Driven Synthesis                                                    ; Off                   ; Off                   ;
; Report Parameter Settings                                                  ; On                    ; On                    ;
; Report Source Assignments                                                  ; On                    ; On                    ;
; Report Connectivity Checks                                                 ; On                    ; On                    ;
; Ignore Maximum Fan-Out Assignments                                         ; Off                   ; Off                   ;
; Synchronization Register Chain Length                                      ; 2                     ; 2                     ;
; PowerPlay Power Optimization                                               ; Normal compilation    ; Normal compilation    ;
; HDL message level                                                          ; Level2                ; Level2                ;
; Suppress Register Optimization Related Messages                            ; Off                   ; Off                   ;
; Number of Removed Registers Reported in Synthesis Report                   ; 5000                  ; 5000                  ;
; Number of Swept Nodes Reported in Synthesis Report                         ; 5000                  ; 5000                  ;
; Number of Inverted Registers Reported in Synthesis Report                  ; 100                   ; 100                   ;
; Clock MUX Protection                                                       ; On                    ; On                    ;
; Auto Gated Clock Conversion                                                ; Off                   ; Off                   ;
; Block Design Naming                                                        ; Auto                  ; Auto                  ;
; SDC constraint protection                                                  ; Off                   ; Off                   ;
; Synthesis Effort                                                           ; Auto                  ; Auto                  ;
; Shift Register Replacement - Allow Asynchronous Clear Signal               ; On                    ; On                    ;
; Pre-Mapping Resynthesis Optimization                                       ; Off                   ; Off                   ;
; Analysis & Synthesis Message Level                                         ; Medium                ; Medium                ;
; Disable Register Merging Across Hierarchies                                ; Auto                  ; Auto                  ;
; Resource Aware Inference For Block RAM                                     ; On                    ; On                    ;
; Synthesis Seed                                                             ; 1                     ; 1                     ;
+----------------------------------------------------------------------------+-----------------------+-----------------------+


Parallel compilation was disabled, but you have multiple processors available. Enable parallel compilation to reduce compilation time.
+-------------------------------------+
; Parallel Compilation                ;
+----------------------------+--------+
; Processors                 ; Number ;
+----------------------------+--------+
; Number detected on machine ; 8      ;
; Maximum allowed            ; 1      ;
+----------------------------+--------+


+-------------------------------------------------------------------------------------------------------------------------------------------------------------------------------------------------+
; Analysis & Synthesis Source Files Read                                                                                                                                                          ;
+----------------------------------+-----------------+-----------------+----------------------------------------------------------------------------------------------------------------+---------+
; File Name with User-Entered Path ; Used in Netlist ; File Type       ; File Name with Absolute Path                                                                                   ; Library ;
+----------------------------------+-----------------+-----------------+----------------------------------------------------------------------------------------------------------------+---------+
; controle_refrigerante.vhd        ; yes             ; User VHDL File  ; C:/Users/aluno/Downloads/refrigerante/refrigerante_vhdl-master/controle_refrigerante/controle_refrigerante.vhd ;         ;
+----------------------------------+-----------------+-----------------+----------------------------------------------------------------------------------------------------------------+---------+


+----------------------------------------------------------------+
; Analysis & Synthesis Resource Usage Summary                    ;
+---------------------------------------------+------------------+
; Resource                                    ; Usage            ;
+---------------------------------------------+------------------+
; Estimated Total logic elements              ; 35               ;
;                                             ;                  ;
; Total combinational functions               ; 35               ;
; Logic element usage by number of LUT inputs ;                  ;
;     -- 4 input functions                    ; 17               ;
;     -- 3 input functions                    ; 9                ;
;     -- <=2 input functions                  ; 9                ;
;                                             ;                  ;
; Logic elements by mode                      ;                  ;
;     -- normal mode                          ; 35               ;
;     -- arithmetic mode                      ; 0                ;
;                                             ;                  ;
; Total registers                             ; 7                ;
;     -- Dedicated logic registers            ; 7                ;
;     -- I/O registers                        ; 0                ;
;                                             ;                  ;
; I/O pins                                    ; 42               ;
; Embedded Multiplier 9-bit elements          ; 0                ;
; Maximum fan-out node                        ; estadoAtual.q_00 ;
; Maximum fan-out                             ; 12               ;
; Total fan-out                               ; 157              ;
; Average fan-out                             ; 1.87             ;
+---------------------------------------------+------------------+


+--------------------------------------------------------------------------------------------------------------------------------------------------------------------------------+
; Analysis & Synthesis Resource Utilization by Entity                                                                                                                            ;
+----------------------------+-------------------+--------------+-------------+--------------+---------+-----------+------+--------------+------------------------+--------------+
; Compilation Hierarchy Node ; LC Combinationals ; LC Registers ; Memory Bits ; DSP Elements ; DSP 9x9 ; DSP 18x18 ; Pins ; Virtual Pins ; Full Hierarchy Name    ; Library Name ;
+----------------------------+-------------------+--------------+-------------+--------------+---------+-----------+------+--------------+------------------------+--------------+
; |controle_refrigerante     ; 35 (35)           ; 7 (7)        ; 0           ; 0            ; 0       ; 0         ; 42   ; 0            ; |controle_refrigerante ;              ;
+----------------------------+-------------------+--------------+-------------+--------------+---------+-----------+------+--------------+------------------------+--------------+
Note: For table entries with two numbers listed, the numbers in parentheses indicate the number of resources of the given type used by the specific entity alone. The numbers listed outside of parentheses indicate the total resources of the given type used by the specific entity and all of its sub-entities in the hierarchy.


Encoding Type:  One-Hot
+--------------------------------------------------------------------------------------------------------------------------------------------------------------------+
; State Machine - |controle_refrigerante|estadoAtual                                                                                                                 ;
+----------------------+----------------------+---------------------+--------------------+------------------+------------------+------------------+------------------+
; Name                 ; estadoAtual.q_sprite ; estadoAtual.q_pepsi ; estadoAtual.q_coca ; estadoAtual.q_15 ; estadoAtual.q_10 ; estadoAtual.q_05 ; estadoAtual.q_00 ;
+----------------------+----------------------+---------------------+--------------------+------------------+------------------+------------------+------------------+
; estadoAtual.q_00     ; 0                    ; 0                   ; 0                  ; 0                ; 0                ; 0                ; 0                ;
; estadoAtual.q_05     ; 0                    ; 0                   ; 0                  ; 0                ; 0                ; 1                ; 1                ;
; estadoAtual.q_10     ; 0                    ; 0                   ; 0                  ; 0                ; 1                ; 0                ; 1                ;
; estadoAtual.q_15     ; 0                    ; 0                   ; 0                  ; 1                ; 0                ; 0                ; 1                ;
; estadoAtual.q_coca   ; 0                    ; 0                   ; 1                  ; 0                ; 0                ; 0                ; 1                ;
; estadoAtual.q_pepsi  ; 0                    ; 1                   ; 0                  ; 0                ; 0                ; 0                ; 1                ;
; estadoAtual.q_sprite ; 1                    ; 0                   ; 0                  ; 0                ; 0                ; 0                ; 1                ;
+----------------------+----------------------+---------------------+--------------------+------------------+------------------+------------------+------------------+


+------------------------------------------------------+
; General Register Statistics                          ;
+----------------------------------------------+-------+
; Statistic                                    ; Value ;
+----------------------------------------------+-------+
; Total registers                              ; 7     ;
; Number of registers using Synchronous Clear  ; 0     ;
; Number of registers using Synchronous Load   ; 0     ;
; Number of registers using Asynchronous Clear ; 7     ;
; Number of registers using Asynchronous Load  ; 0     ;
; Number of registers using Clock Enable       ; 0     ;
; Number of registers using Preset             ; 0     ;
+----------------------------------------------+-------+


+------------------------------------------------------------------------------------------------------------------------------------------------+
; Multiplexer Restructuring Statistics (Restructuring Performed)                                                                                 ;
+--------------------+-----------+---------------+----------------------+------------------------+------------+----------------------------------+
; Multiplexer Inputs ; Bus Width ; Baseline Area ; Area if Restructured ; Saving if Restructured ; Registered ; Example Multiplexer Output       ;
+--------------------+-----------+---------------+----------------------+------------------------+------------+----------------------------------+
; 8:1                ; 2 bits    ; 10 LEs        ; 8 LEs                ; 2 LEs                  ; No         ; |controle_refrigerante|Selector0 ;
; 10:1               ; 3 bits    ; 18 LEs        ; 12 LEs               ; 6 LEs                  ; No         ; |controle_refrigerante|Selector4 ;
; 10:1               ; 2 bits    ; 12 LEs        ; 8 LEs                ; 4 LEs                  ; No         ; |controle_refrigerante|Selector1 ;
+--------------------+-----------+---------------+----------------------+------------------------+------------+----------------------------------+


+-------------------------------+
; Elapsed Time Per Partition    ;
+----------------+--------------+
; Partition Name ; Elapsed Time ;
+----------------+--------------+
; Top            ; 00:00:00     ;
+----------------+--------------+


+-------------------------------+
; Analysis & Synthesis Messages ;
+-------------------------------+
Info: *******************************************************************
Info: Running Quartus II 64-Bit Analysis & Synthesis
    Info: Version 13.0.0 Build 156 04/24/2013 SJ Web Edition
    Info: Processing started: Thu Nov 30 14:22:06 2023
Info: Command: quartus_map --read_settings_files=on --write_settings_files=off controle_refrigerante -c controle_refrigerante
Warning (20028): Parallel compilation is not licensed and has been disabled
Info (12021): Found 2 design units, including 1 entities, in source file controle_refrigerante.vhd
    Info (12022): Found design unit 1: controle_refrigerante-controle_refrigerante_architecture
    Info (12023): Found entity 1: controle_refrigerante
Info (12127): Elaborating entity "controle_refrigerante" for the top level hierarchy
Warning (10812): VHDL warning at controle_refrigerante.vhd(21): sensitivity list already contains key
Warning (13024): Output pins are stuck at VCC or GND
    Warning (13410): Pin "hex0[0]" is stuck at GND
    Warning (13410): Pin "hex0[5]" is stuck at GND
    Warning (13410): Pin "hex1[4]" is stuck at GND
    Warning (13410): Pin "hex3[0]" is stuck at GND
    Warning (13410): Pin "hex3[5]" is stuck at GND
Info (16010): Generating hard_block partition "hard_block:auto_generated_inst"
    Info (16011): Adding 0 node(s), including 0 DDIO, 0 PLL, 0 transceiver and 0 LCELL
Warning (21074): Design contains 8 input pin(s) that do not drive logic
    Warning (15610): No output dependent on input pin "key[2]"
    Warning (15610): No output dependent on input pin "key[3]"
    Warning (15610): No output dependent on input pin "sw[2]"
    Warning (15610): No output dependent on input pin "sw[3]"
    Warning (15610): No output dependent on input pin "sw[4]"
    Warning (15610): No output dependent on input pin "sw[5]"
    Warning (15610): No output dependent on input pin "sw[6]"
    Warning (15610): No output dependent on input pin "sw[7]"
Info (21057): Implemented 77 device resources after synthesis - the final resource count might be different
    Info (21058): Implemented 14 input pins
    Info (21059): Implemented 28 output pins
    Info (21061): Implemented 35 logic cells
Info: Quartus II 64-Bit Analysis & Synthesis was successful. 0 errors, 17 warnings
    Info: Peak virtual memory: 4646 megabytes
    Info: Processing ended: Thu Nov 30 14:22:07 2023
    Info: Elapsed time: 00:00:01
    Info: Total CPU time (on all processors): 00:00:01


